TN:
SF:src/Vault.sol
FN:69,Vault.
FNDA:90,Vault.
DA:71,45
DA:74,45
DA:76,45
DA:77,45
DA:78,45
DA:80,45
DA:82,45
FN:85,Vault.enter
FNDA:35,Vault.enter
DA:86,35
BRDA:86,0,0,1
BRDA:86,0,1,34
DA:87,34
BRDA:87,1,0,2
BRDA:87,1,1,32
DA:89,32
DA:91,32
BRDA:91,2,0,1
BRDA:91,2,1,31
DA:93,1
DA:96,31
DA:99,32
DA:100,32
DA:102,32
FN:105,Vault.exit
FNDA:9,Vault.exit
DA:106,9
BRDA:106,3,0,1
BRDA:106,3,1,8
DA:107,8
DA:108,8
BRDA:108,4,0,2
BRDA:108,4,1,6
DA:109,6
BRDA:109,5,0,1
BRDA:109,5,1,5
DA:112,5
BRDA:112,6,0,4
BRDA:112,6,1,5
DA:114,5
DA:115,5
DA:117,5
DA:118,5
BRDA:118,7,0,1
BRDA:118,7,1,4
DA:120,4
FN:123,Vault.claimRewards
FNDA:13,Vault.claimRewards
DA:124,13
BRDA:124,8,0,1
BRDA:124,8,1,12
DA:125,12
BRDA:125,9,0,4
BRDA:125,9,1,8
DA:126,8
FN:129,Vault.hasClaimableRewards
FNDA:4,Vault.hasClaimableRewards
DA:130,53
BRDA:130,10,0,35
BRDA:130,10,1,18
DA:131,18
BRDA:131,11,0,2
BRDA:131,11,1,16
DA:132,16
BRDA:132,12,0,1
BRDA:132,12,1,15
DA:133,15
BRDA:133,13,0,1
BRDA:133,13,1,14
DA:134,14
FN:137,Vault._claimRewards
FNDA:13,Vault._claimRewards
DA:139,13
DA:141,13
DA:142,13
DA:143,13
DA:147,13
BRDA:147,14,0,9
BRDA:147,14,1,4
DA:148,9
DA:149,9
DA:151,4
DA:152,4
DA:156,13
DA:157,14
DA:158,14
DA:159,14
DA:162,13
DA:163,13
BRDA:163,15,0,1
BRDA:163,15,1,12
DA:165,12
FN:168,Vault.terminateCurrentAndOpenNextEpoch
FNDA:16,Vault.terminateCurrentAndOpenNextEpoch
DA:169,16
BRDA:169,16,0,1
BRDA:169,16,1,15
DA:170,15
BRDA:170,17,0,1
BRDA:170,17,1,14
DA:171,14
BRDA:171,18,0,-
BRDA:171,18,1,1
DA:172,1
DA:174,13
DA:176,13
DA:178,13
DA:181,13
DA:184,13
DA:185,13
DA:187,13
FN:190,Vault.allocateRewards
FNDA:24,Vault.allocateRewards
DA:191,24
BRDA:191,19,0,1
BRDA:191,19,1,23
DA:192,23
BRDA:192,20,0,1
BRDA:192,20,1,22
DA:194,22
DA:195,22
BRDA:195,21,0,1
BRDA:195,21,1,21
DA:197,21
DA:199,21
DA:201,21
FN:204,Vault.lockFundsAndRunCurrentEpoch
FNDA:30,Vault.lockFundsAndRunCurrentEpoch
DA:205,30
BRDA:205,22,0,1
BRDA:205,22,1,29
DA:206,1
DA:209,29
DA:210,29
DA:213,29
DA:214,29
DA:215,29
BRDA:215,23,0,-
BRDA:215,23,1,29
DA:217,29
FN:220,Vault.setFundWallet
FNDA:2,Vault.setFundWallet
DA:221,1
FN:224,Vault.setMinimumStake
FNDA:1,Vault.setMinimumStake
DA:225,0
FN:228,Vault.getCurrentEpoch
FNDA:10,Vault.getCurrentEpoch
DA:229,10
FN:232,Vault.getEpochCount
FNDA:2,Vault.getEpochCount
DA:233,2
FNF:13
FNH:13
LF:80
LH:79
BRF:48
BRH:46
end_of_record
TN:
SF:test/FailedTransfer.sol
FN:20,FailedTransfer.enter
FNDA:2,FailedTransfer.enter
DA:21,2
FN:24,FailedTransfer.exit
FNDA:1,FailedTransfer.exit
DA:25,1
FN:28,FailedTransfer.claimRewards
FNDA:1,FailedTransfer.claimRewards
DA:29,1
FNF:3
FNH:3
LF:3
LH:3
BRF:0
BRH:0
end_of_record
