TN:
SF:src/Vault.sol
FN:104,Vault.
FNDA:126,Vault.
DA:106,63
DA:109,63
DA:111,63
DA:112,63
DA:113,63
DA:115,63
DA:117,63
FN:120,Vault.IsLocked
FNDA:766,Vault.IsLocked
DA:121,766
BRDA:121,0,0,1
BRDA:121,0,1,13273
FN:129,Vault.enter
FNDA:13274,Vault.enter
DA:130,13273
BRDA:130,1,0,2
BRDA:130,1,1,13271
DA:131,13271
BRDA:131,2,0,3
BRDA:131,2,1,13268
DA:133,13268
DA:135,13268
BRDA:135,3,0,1
BRDA:135,3,1,13267
DA:137,1
DA:140,13267
DA:143,13268
DA:144,13268
DA:146,13268
FN:154,Vault.exit
FNDA:11989,Vault.exit
DA:155,11988
BRDA:155,4,0,2
BRDA:155,4,1,11986
DA:156,11986
DA:157,11986
BRDA:157,5,0,2
BRDA:157,5,1,11984
DA:158,11984
BRDA:158,6,0,1
BRDA:158,6,1,11983
DA:161,11983
BRDA:161,7,0,10480
BRDA:161,7,1,11983
DA:163,11983
DA:164,11983
DA:166,11983
DA:167,11983
BRDA:167,8,0,1
BRDA:167,8,1,11982
DA:169,11982
FN:176,Vault.claimRewards
FNDA:766,Vault.claimRewards
DA:177,765
BRDA:177,9,0,2
BRDA:177,9,1,763
DA:178,763
BRDA:178,10,0,4
BRDA:178,10,1,759
DA:179,759
FN:187,Vault.hasClaimableRewards
FNDA:4,Vault.hasClaimableRewards
DA:188,26018
BRDA:188,11,0,13270
BRDA:188,11,1,12748
DA:189,12748
BRDA:189,12,0,1505
BRDA:189,12,1,11243
DA:190,11243
BRDA:190,13,0,1
BRDA:190,13,1,11242
DA:191,1
DA:193,11242
BRDA:193,14,0,1
BRDA:193,14,1,11241
DA:194,11241
FN:201,Vault._claimRewards
FNDA:11240,Vault._claimRewards
DA:202,11240
DA:204,11240
DA:205,11240
DA:206,11240
DA:210,11240
BRDA:210,15,0,11235
BRDA:210,15,1,5
DA:211,11235
DA:212,11235
DA:214,5
DA:215,5
DA:219,11240
DA:220,11241
DA:221,11241
DA:222,11241
DA:223,11241
DA:226,11240
DA:227,11240
BRDA:227,16,0,1
BRDA:227,16,1,11239
DA:229,11239
FN:236,Vault.terminateCurrentAndOpenNextEpoch
FNDA:10743,Vault.terminateCurrentAndOpenNextEpoch
DA:237,10743
BRDA:237,17,0,1
BRDA:237,17,1,10742
DA:238,10742
BRDA:238,18,0,1
BRDA:238,18,1,10741
DA:239,10741
DA:240,10741
BRDA:240,19,0,1
BRDA:240,19,1,10740
DA:241,1
DA:244,10740
DA:246,10740
DA:248,10740
DA:251,10740
DA:254,10740
DA:255,10740
DA:257,10740
FN:264,Vault.allocateRewards
FNDA:10754,Vault.allocateRewards
DA:265,10754
BRDA:265,20,0,1
BRDA:265,20,1,10753
DA:266,10753
BRDA:266,21,0,1
BRDA:266,21,1,10752
DA:268,10752
DA:269,10752
BRDA:269,22,0,1
BRDA:269,22,1,10751
DA:272,10751
DA:275,10751
DA:277,10751
DA:278,10751
FN:285,Vault.lockFundsAndRunCurrentEpoch
FNDA:10762,Vault.lockFundsAndRunCurrentEpoch
DA:286,10762
BRDA:286,23,0,1
BRDA:286,23,1,10761
DA:287,1
DA:290,10761
DA:291,10761
DA:294,10761
DA:295,10761
DA:296,10761
BRDA:296,24,0,1
BRDA:296,24,1,10760
DA:298,10760
DA:299,10760
FN:307,Vault.setFundWallet
FNDA:4,Vault.setFundWallet
DA:308,3
DA:309,3
DA:310,3
FN:318,Vault.setMinimumStake
FNDA:3,Vault.setMinimumStake
DA:319,2
DA:320,2
DA:321,2
FN:328,Vault.getCurrentEpoch
FNDA:1260,Vault.getCurrentEpoch
DA:329,1260
FN:336,Vault.getEpochCount
FNDA:2,Vault.getEpochCount
DA:337,2
FN:340,Vault.lockOrUnlockContract
FNDA:8,Vault.lockOrUnlockContract
DA:341,7
BRDA:341,25,0,2
BRDA:341,25,1,5
DA:342,5
DA:343,5
FNF:15
FNH:15
LF:93
LH:93
BRF:52
BRH:52
end_of_record
TN:
SF:test/FailedTransfer.sol
FN:24,FailedTransfer.enter
FNDA:2,FailedTransfer.enter
DA:25,2
FN:28,FailedTransfer.exit
FNDA:1,FailedTransfer.exit
DA:29,1
FN:32,FailedTransfer.claimRewards
FNDA:1,FailedTransfer.claimRewards
DA:33,1
FNF:3
FNH:3
LF:3
LH:3
BRF:0
BRH:0
end_of_record
